<?xml version="1.0" encoding="UTF-8"?>
<testsuite xmlns:xsi="http://www.w3.org/2001/XMLSchema-instance" xsi:noNamespaceSchemaLocation="https://maven.apache.org/surefire/maven-surefire-plugin/xsd/surefire-test-report-3.0.xsd" version="3.0" name="crud.repository.ProdutoRepositoryTest" time="0.254" tests="1" errors="0" skipped="0" failures="0">
  <properties>
[...]
</properties>
  <testcase name="testFindAllPreenchido" classname="crud.repository.ProdutoRepositoryTest" time="0.002"/>
  <testcase name="testFindAllVazio" classname="crud.repository.ProdutoRepositoryTest" time="0.001"/>
  <testcase name="testDeleteExistente" classname="crud.repository.ProdutoRepositoryTest" time="0.002"/>
  <testcase name="testSaveNovoProduto" classname="crud.repository.ProdutoRepositoryTest" time="0.002"/>
  <testcase name="testFindByIdInexistente" classname="crud.repository.ProdutoRepositoryTest" time="0.002"/>
  <testcase name="testDeleteAll" classname="crud.repository.ProdutoRepositoryTest" time="0.001"/>
  <testcase name="testFindByIdExistente" classname="crud.repository.ProdutoRepositoryTest" time="0.001"/>
  <testcase name="testDeleteInexistente" classname="crud.repository.ProdutoRepositoryTest" time="0.001"/>
  <testcase name="testSaveAtualizarProdutoExistente" classname="crud.repository.ProdutoRepositoryTest" time="0.001"/>
  <testcase name="testPersistenciaPropriedades" classname="crud.repository.ProdutoRepositoryTest" time="0.241">
    <system-out><![CDATA[timestamp = 2025-11-13T21:27:41.506339100, ProdutoRepositoryTest:testPersistenciaPropriedades = 
                              |-----------------------jqwik-----------------------
tries = 100                   | # of calls to property
checks = 100                  | # of not rejected calls
generation = RANDOMIZED       | parameters are randomly generated
after-failure = SAMPLE_FIRST  | try previously failed sample, then previous seed
when-fixed-seed = ALLOW       | fixing the random seed is allowed
edge-cases#mode = MIXIN       | edge cases are mixed in
edge-cases#total = 120        | # of all combined edge cases
edge-cases#tried = 20         | # of edge cases tried in current run
seed = -9122978293438502156   | random seed to reproduce generated values


]]></system-out>
    <system-err><![CDATA[nov. 13, 2025 9:27:41 PM net.jqwik.engine.properties.RandomizedShrinkablesGenerator logEdgeCasesOutnumberTriesIfApplicable
INFO: Edge case generation exceeds number of tries. Stopped after 120 generated cases.
]]></system-err>
  </testcase>
</testsuite>