<?xml version="1.0" encoding="UTF-8"?>
<testsuite xmlns:xsi="http://www.w3.org/2001/XMLSchema-instance" xsi:noNamespaceSchemaLocation="https://maven.apache.org/surefire/maven-surefire-plugin/xsd/surefire-test-report-3.0.xsd" version="3.0" name="crud.repository.PedidoRepositoryTest" time="0.017" tests="12" errors="0" skipped="0" failures="0">
  <properties>
[...]
</properties>
  <testcase name="testSavePedidoComIdExistente" classname="crud.repository.PedidoRepositoryTest" time="0.0"/>
  <testcase name="testSavePedidoComIdPreDefinido" classname="crud.repository.PedidoRepositoryTest" time="0.0"/>
  <testcase name="testFindAllRetornaListaImutavel" classname="crud.repository.PedidoRepositoryTest" time="0.0"/>
  <testcase name="testFindAllVazio" classname="crud.repository.PedidoRepositoryTest" time="0.0"/>
  <testcase name="testDeleteExistente" classname="crud.repository.PedidoRepositoryTest" time="0.008"/>
  <testcase name="testSaveNovoPedido" classname="crud.repository.PedidoRepositoryTest" time="0.001"/>
  <testcase name="testFindByIdInexistente" classname="crud.repository.PedidoRepositoryTest" time="0.001"/>
  <testcase name="testDeleteAllResetaIds" classname="crud.repository.PedidoRepositoryTest" time="0.0"/>
  <testcase name="testDeleteAll" classname="crud.repository.PedidoRepositoryTest" time="0.0"/>
  <testcase name="testFindByIdExistente" classname="crud.repository.PedidoRepositoryTest" time="0.003"/>
  <testcase name="testDeleteInexistente" classname="crud.repository.PedidoRepositoryTest" time="0.0"/>
  <testcase name="testFindAllComPedidos" classname="crud.repository.PedidoRepositoryTest" time="0.0"/>
</testsuite>